Copyright 1986-2022 Xilinx, Inc. All Rights Reserved. Copyright 2022-2025 Advanced Micro Devices, Inc. All Rights Reserved.
------------------------------------------------------------------------------------------------------------------------------------------------
| Tool Version : Vivado v.2025.2 (lin64) Build 6299465 Fri Nov 14 12:34:56 MST 2025
| Date         : Sun May 24 14:05:26 2026
| Host         : fedora.home running 64-bit unknown
| Command      : report_utilization -hierarchical -file /home/tim/projects/uart/synthesis/results/synth/uart_utilization_hierarchical_synth.rpt
| Design       : TOP_FPGA
| Device       : xc7z020clg484-1
| Speed File   : -1
| Design State : Synthesized
------------------------------------------------------------------------------------------------------------------------------------------------

Utilization Design Information

Table of Contents
-----------------
1. Utilization by Hierarchy

1. Utilization by Hierarchy
---------------------------

+-----------------------------+--------------------+------------+------------+---------+------+-----+--------+--------+------------+
|           Instance          |       Module       | Total LUTs | Logic LUTs | LUTRAMs | SRLs | FFs | RAMB36 | RAMB18 | DSP Blocks |
+-----------------------------+--------------------+------------+------------+---------+------+-----+--------+--------+------------+
| TOP_FPGA                    |              (top) |        401 |        401 |       0 |    0 | 580 |      0 |      0 |          0 |
|   (TOP_FPGA)                |              (top) |          1 |          1 |       0 |    0 |   1 |      0 |      0 |          0 |
|   inst_reglock              |           regblock |        214 |        214 |       0 |    0 | 240 |      0 |      0 |          0 |
|   inst_spi_master           |         SPI_MASTER |         18 |         18 |       0 |    0 |  50 |      0 |      0 |          0 |
|   inst_uart                 |               UART |        120 |        120 |       0 |    0 | 168 |      0 |      0 |          0 |
|     (inst_uart)             |               UART |          2 |          2 |       0 |    0 |  88 |      0 |      0 |          0 |
|     inst_uart_rx            |            UART_RX |         76 |         76 |       0 |    0 |  54 |      0 |      0 |          0 |
|   inst_vga                  |     VGA_CONTROLLER |         48 |         48 |       0 |    0 | 100 |      0 |      0 |          0 |
|     inst_olo_base_cc_status | olo_base_cc_status |         18 |         18 |       0 |    0 |  65 |      0 |      0 |          0 |
+-----------------------------+--------------------+------------+------------+---------+------+-----+--------+--------+------------+
